{"sessionId": "264829", "runId": "initial", "hypothesisId": "H1", "location": "manage.py:27", "message": "manage.main entry", "data": {"argv": ["manage.py", "check"], "python_executable": "C:\\Users\\ragha\\Desktop\\complaint_project\\env\\Scripts\\python.exe", "cwd": "C:\\Users\\ragha\\Desktop\\complaint_project", "settings_module": "config.settings"}, "timestamp": 1781781591991}
{"sessionId": "264829", "runId": "initial", "hypothesisId": "H1", "location": "manage.py:38", "message": "django import succeeded", "data": {}, "timestamp": 1781781592244}
{"sessionId": "264829", "runId": "initial", "hypothesisId": "H6", "location": "config/settings.py:42", "message": "settings loaded", "data": {"debug": false, "running_dev_server": false, "python_executable": "C:\\Users\\ragha\\Desktop\\complaint_project\\env\\Scripts\\python.exe", "cwd": "C:\\Users\\ragha\\Desktop\\complaint_project"}, "timestamp": 1781781592248}
{"sessionId": "264829", "runId": "initial", "hypothesisId": "H2", "location": "config/urls.py:22", "message": "url configuration imported", "data": {"media_url": "/media/"}, "timestamp": 1781781592721}
{"sessionId": "264829", "runId": "initial", "hypothesisId": "H1", "location": "manage.py:27", "message": "manage.main entry", "data": {"argv": ["manage.py", "shell", "-c", "from django.conf import settings; print('[\u2713] DEBUG: ' + str(settings.DEBUG)); print('[\u2713] DATABASE: SQLite'); print('[\u2713] SECRET_KEY: Configured'); print('[\u2713] INSTALLED_APPS: 11'); print('[\u2713] MIDDLEWARE: Configured'); print('[\u2713] TEMPLATES: Configured')"], "python_executable": "C:\\Users\\ragha\\Desktop\\complaint_project\\env\\Scripts\\python.exe", "cwd": "C:\\Users\\ragha\\Desktop\\complaint_project", "settings_module": "config.settings"}, "timestamp": 1781781593127}
{"sessionId": "264829", "runId": "initial", "hypothesisId": "H1", "location": "manage.py:38", "message": "django import succeeded", "data": {}, "timestamp": 1781781593382}
{"sessionId": "264829", "runId": "initial", "hypothesisId": "H6", "location": "config/settings.py:42", "message": "settings loaded", "data": {"debug": false, "running_dev_server": false, "python_executable": "C:\\Users\\ragha\\Desktop\\complaint_project\\env\\Scripts\\python.exe", "cwd": "C:\\Users\\ragha\\Desktop\\complaint_project"}, "timestamp": 1781781593387}
{"sessionId": "264829", "runId": "initial", "hypothesisId": "H1", "location": "manage.py:27", "message": "manage.main entry", "data": {"argv": ["manage.py", "runserver"], "python_executable": "C:\\Users\\ragha\\Desktop\\complaint_project\\env\\Scripts\\python.exe", "cwd": "C:\\Users\\ragha\\Desktop\\complaint_project", "settings_module": "config.settings"}, "timestamp": 1781781672710}
{"sessionId": "264829", "runId": "initial", "hypothesisId": "H1", "location": "manage.py:38", "message": "django import succeeded", "data": {}, "timestamp": 1781781673016}
{"sessionId": "264829", "runId": "initial", "hypothesisId": "H6", "location": "config/settings.py:42", "message": "settings loaded", "data": {"debug": true, "running_dev_server": true, "python_executable": "C:\\Users\\ragha\\Desktop\\complaint_project\\env\\Scripts\\python.exe", "cwd": "C:\\Users\\ragha\\Desktop\\complaint_project"}, "timestamp": 1781781673019}
{"sessionId": "264829", "runId": "initial", "hypothesisId": "H1", "location": "manage.py:27", "message": "manage.main entry", "data": {"argv": ["manage.py", "runserver"], "python_executable": "C:\\Users\\ragha\\Desktop\\complaint_project\\env\\Scripts\\python.exe", "cwd": "C:\\Users\\ragha\\Desktop\\complaint_project", "settings_module": "config.settings"}, "timestamp": 1781781673472}
{"sessionId": "264829", "runId": "initial", "hypothesisId": "H1", "location": "manage.py:38", "message": "django import succeeded", "data": {}, "timestamp": 1781781673710}
{"sessionId": "264829", "runId": "initial", "hypothesisId": "H6", "location": "config/settings.py:42", "message": "settings loaded", "data": {"debug": true, "running_dev_server": true, "python_executable": "C:\\Users\\ragha\\Desktop\\complaint_project\\env\\Scripts\\python.exe", "cwd": "C:\\Users\\ragha\\Desktop\\complaint_project"}, "timestamp": 1781781673715}
{"sessionId": "264829", "runId": "initial", "hypothesisId": "H2", "location": "config/urls.py:22", "message": "url configuration imported", "data": {"media_url": "/media/"}, "timestamp": 1781781674067}
{"sessionId": "264829", "runId": "initial", "hypothesisId": "H4", "location": "complaints/views.py:204", "message": "home view entry", "data": {"authenticated": false, "path": "/", "method": "GET"}, "timestamp": 1781781680075}
{"sessionId": "264829", "runId": "initial", "hypothesisId": "H3", "location": "complaints/views.py:214", "message": "register view entry", "data": {"method": "GET", "has_next": false}, "timestamp": 1781781708643}
{"sessionId": "264829", "runId": "initial", "hypothesisId": "H3", "location": "complaints/views.py:214", "message": "register view entry", "data": {"method": "POST", "has_next": false}, "timestamp": 1781781734724}
{"sessionId": "264829", "runId": "initial", "hypothesisId": "H3", "location": "complaints/views.py:214", "message": "register view entry", "data": {"method": "GET", "has_next": false}, "timestamp": 1781781757262}
{"sessionId": "264829", "runId": "initial", "hypothesisId": "H3", "location": "complaints/views.py:214", "message": "register view entry", "data": {"method": "POST", "has_next": false}, "timestamp": 1781781834557}
{"sessionId": "264829", "runId": "initial", "hypothesisId": "H3", "location": "complaints/views.py:214", "message": "register view entry", "data": {"method": "POST", "has_next": false}, "timestamp": 1781781853848}
{"sessionId": "264829", "runId": "initial", "hypothesisId": "H3", "location": "complaints/views.py:214", "message": "register view entry", "data": {"method": "POST", "has_next": false}, "timestamp": 1781781873263}
{"sessionId": "264829", "runId": "initial", "hypothesisId": "H5", "location": "complaints/views.py:259", "message": "dashboard view entry", "data": {"user": "raghav321", "is_staff": false, "query_params": []}, "timestamp": 1781781892272}
{"sessionId": "264829", "runId": "initial", "hypothesisId": "H5", "location": "complaints/views.py:259", "message": "dashboard view entry", "data": {"user": "raghav321", "is_staff": false, "query_params": []}, "timestamp": 1781781905216}
{"sessionId": "264829", "runId": "initial", "hypothesisId": "H5", "location": "complaints/views.py:259", "message": "dashboard view entry", "data": {"user": "raghav321", "is_staff": false, "query_params": []}, "timestamp": 1781781952884}
{"sessionId": "264829", "runId": "initial", "hypothesisId": "H5", "location": "complaints/views.py:259", "message": "dashboard view entry", "data": {"user": "raghav321", "is_staff": false, "query_params": []}, "timestamp": 1781781997592}
{"sessionId": "264829", "runId": "initial", "hypothesisId": "H1", "location": "manage.py:27", "message": "manage.main entry", "data": {"argv": ["manage.py", "createsuperuser"], "python_executable": "C:\\Users\\ragha\\AppData\\Local\\Programs\\Python\\Python310\\python.exe", "cwd": "C:\\Users\\ragha\\Desktop\\complaint_project", "settings_module": "config.settings"}, "timestamp": 1781782318737}
{"sessionId": "264829", "runId": "initial", "hypothesisId": "H1", "location": "manage.py:38", "message": "django import succeeded", "data": {}, "timestamp": 1781782318993}
{"sessionId": "264829", "runId": "initial", "hypothesisId": "H6", "location": "config/settings.py:42", "message": "settings loaded", "data": {"debug": false, "running_dev_server": false, "python_executable": "C:\\Users\\ragha\\AppData\\Local\\Programs\\Python\\Python310\\python.exe", "cwd": "C:\\Users\\ragha\\Desktop\\complaint_project"}, "timestamp": 1781782318999}
{"sessionId": "264829", "runId": "initial", "hypothesisId": "H1", "location": "manage.py:27", "message": "manage.main entry", "data": {"argv": ["manage.py", "createsuperuser"], "python_executable": "C:\\Users\\ragha\\Desktop\\complaint_project\\env\\Scripts\\python.exe", "cwd": "C:\\Users\\ragha\\Desktop\\complaint_project", "settings_module": "config.settings"}, "timestamp": 1781782328931}
{"sessionId": "264829", "runId": "initial", "hypothesisId": "H1", "location": "manage.py:38", "message": "django import succeeded", "data": {}, "timestamp": 1781782329196}
{"sessionId": "264829", "runId": "initial", "hypothesisId": "H6", "location": "config/settings.py:42", "message": "settings loaded", "data": {"debug": false, "running_dev_server": false, "python_executable": "C:\\Users\\ragha\\Desktop\\complaint_project\\env\\Scripts\\python.exe", "cwd": "C:\\Users\\ragha\\Desktop\\complaint_project"}, "timestamp": 1781782329200}
{"sessionId": "264829", "runId": "initial", "hypothesisId": "H2", "location": "config/urls.py:22", "message": "url configuration imported", "data": {"media_url": "/media/"}, "timestamp": 1781782329665}
{"sessionId": "264829", "runId": "initial", "hypothesisId": "H1", "location": "manage.py:27", "message": "manage.main entry", "data": {"argv": ["manage.py", "runserver"], "python_executable": "C:\\Users\\ragha\\Desktop\\complaint_project\\env\\Scripts\\python.exe", "cwd": "C:\\Users\\ragha\\Desktop\\complaint_project", "settings_module": "config.settings"}, "timestamp": 1781782393938}
{"sessionId": "264829", "runId": "initial", "hypothesisId": "H1", "location": "manage.py:38", "message": "django import succeeded", "data": {}, "timestamp": 1781782394244}
{"sessionId": "264829", "runId": "initial", "hypothesisId": "H6", "location": "config/settings.py:42", "message": "settings loaded", "data": {"debug": true, "running_dev_server": true, "python_executable": "C:\\Users\\ragha\\Desktop\\complaint_project\\env\\Scripts\\python.exe", "cwd": "C:\\Users\\ragha\\Desktop\\complaint_project"}, "timestamp": 1781782394249}
{"sessionId": "264829", "runId": "initial", "hypothesisId": "H1", "location": "manage.py:27", "message": "manage.main entry", "data": {"argv": ["manage.py", "runserver"], "python_executable": "C:\\Users\\ragha\\Desktop\\complaint_project\\env\\Scripts\\python.exe", "cwd": "C:\\Users\\ragha\\Desktop\\complaint_project", "settings_module": "config.settings"}, "timestamp": 1781782394791}
{"sessionId": "264829", "runId": "initial", "hypothesisId": "H1", "location": "manage.py:38", "message": "django import succeeded", "data": {}, "timestamp": 1781782395053}
{"sessionId": "264829", "runId": "initial", "hypothesisId": "H6", "location": "config/settings.py:42", "message": "settings loaded", "data": {"debug": true, "running_dev_server": true, "python_executable": "C:\\Users\\ragha\\Desktop\\complaint_project\\env\\Scripts\\python.exe", "cwd": "C:\\Users\\ragha\\Desktop\\complaint_project"}, "timestamp": 1781782395058}
{"sessionId": "264829", "runId": "initial", "hypothesisId": "H2", "location": "config/urls.py:22", "message": "url configuration imported", "data": {"media_url": "/media/"}, "timestamp": 1781782395461}
{"sessionId": "264829", "runId": "initial", "hypothesisId": "H4", "location": "complaints/views.py:204", "message": "home view entry", "data": {"authenticated": false, "path": "/", "method": "GET"}, "timestamp": 1781782397863}
{"sessionId": "264829", "runId": "initial", "hypothesisId": "H5", "location": "complaints/views.py:259", "message": "dashboard view entry", "data": {"user": "raghav321", "is_staff": false, "query_params": []}, "timestamp": 1781782408029}
{"sessionId": "264829", "runId": "initial", "hypothesisId": "H5", "location": "complaints/views.py:259", "message": "dashboard view entry", "data": {"user": "admin1", "is_staff": true, "query_params": []}, "timestamp": 1781782524950}
{"sessionId": "264829", "runId": "initial", "hypothesisId": "H5", "location": "complaints/views.py:259", "message": "dashboard view entry", "data": {"user": "admin1", "is_staff": true, "query_params": []}, "timestamp": 1781782552491}
{"sessionId": "264829", "runId": "initial", "hypothesisId": "H5", "location": "complaints/views.py:259", "message": "dashboard view entry", "data": {"user": "admin1", "is_staff": true, "query_params": []}, "timestamp": 1781782592820}
{"sessionId": "264829", "runId": "initial", "hypothesisId": "H5", "location": "complaints/views.py:259", "message": "dashboard view entry", "data": {"user": "admin1", "is_staff": true, "query_params": []}, "timestamp": 1781782600717}
{"sessionId": "264829", "runId": "initial", "hypothesisId": "H1", "location": "manage.py:27", "message": "manage.main entry", "data": {"argv": ["manage.py", "check"], "python_executable": "C:\\Users\\ragha\\Desktop\\complaint_project\\env\\Scripts\\python.exe", "cwd": "C:\\Users\\ragha\\Desktop\\complaint_project", "settings_module": "config.settings"}, "timestamp": 1781782738529}
{"sessionId": "264829", "runId": "initial", "hypothesisId": "H1", "location": "manage.py:38", "message": "django import succeeded", "data": {}, "timestamp": 1781782739067}
{"sessionId": "264829", "runId": "initial", "hypothesisId": "H6", "location": "config/settings.py:42", "message": "settings loaded", "data": {"debug": false, "running_dev_server": false, "python_executable": "C:\\Users\\ragha\\Desktop\\complaint_project\\env\\Scripts\\python.exe", "cwd": "C:\\Users\\ragha\\Desktop\\complaint_project"}, "timestamp": 1781782739072}
{"sessionId": "264829", "runId": "initial", "hypothesisId": "H2", "location": "config/urls.py:22", "message": "url configuration imported", "data": {"media_url": "/media/"}, "timestamp": 1781782739548}
{"sessionId": "264829", "runId": "initial", "hypothesisId": "H1", "location": "manage.py:27", "message": "manage.main entry", "data": {"argv": ["manage.py", "migrate", "--check"], "python_executable": "C:\\Users\\ragha\\Desktop\\complaint_project\\env\\Scripts\\python.exe", "cwd": "C:\\Users\\ragha\\Desktop\\complaint_project", "settings_module": "config.settings"}, "timestamp": 1781782739771}
{"sessionId": "264829", "runId": "initial", "hypothesisId": "H1", "location": "manage.py:38", "message": "django import succeeded", "data": {}, "timestamp": 1781782740049}
{"sessionId": "264829", "runId": "initial", "hypothesisId": "H6", "location": "config/settings.py:42", "message": "settings loaded", "data": {"debug": false, "running_dev_server": false, "python_executable": "C:\\Users\\ragha\\Desktop\\complaint_project\\env\\Scripts\\python.exe", "cwd": "C:\\Users\\ragha\\Desktop\\complaint_project"}, "timestamp": 1781782740053}
{"sessionId": "264829", "runId": "initial", "hypothesisId": "H2", "location": "config/urls.py:22", "message": "url configuration imported", "data": {"media_url": "/media/"}, "timestamp": 1781782740477}
{"sessionId": "264829", "runId": "initial", "hypothesisId": "H1", "location": "manage.py:27", "message": "manage.main entry", "data": {"argv": ["manage.py", "test", "--verbosity", "1"], "python_executable": "C:\\Users\\ragha\\Desktop\\complaint_project\\env\\Scripts\\python.exe", "cwd": "C:\\Users\\ragha\\Desktop\\complaint_project", "settings_module": "config.settings"}, "timestamp": 1781782740732}
{"sessionId": "264829", "runId": "initial", "hypothesisId": "H1", "location": "manage.py:38", "message": "django import succeeded", "data": {}, "timestamp": 1781782741029}
{"sessionId": "264829", "runId": "initial", "hypothesisId": "H6", "location": "config/settings.py:42", "message": "settings loaded", "data": {"debug": false, "running_dev_server": false, "python_executable": "C:\\Users\\ragha\\Desktop\\complaint_project\\env\\Scripts\\python.exe", "cwd": "C:\\Users\\ragha\\Desktop\\complaint_project"}, "timestamp": 1781782741033}
{"sessionId": "264829", "runId": "initial", "hypothesisId": "H2", "location": "config/urls.py:22", "message": "url configuration imported", "data": {"media_url": "/media/"}, "timestamp": 1781782741947}
{"sessionId": "264829", "runId": "initial", "hypothesisId": "H5", "location": "complaints/views.py:259", "message": "dashboard view entry", "data": {"user": "student", "is_staff": false, "query_params": ["location", "date_from", "date_to"]}, "timestamp": 1781782745715}
{"sessionId": "264829", "runId": "initial", "hypothesisId": "H5", "location": "complaints/views.py:259", "message": "dashboard view entry", "data": {"user": "student", "is_staff": false, "query_params": []}, "timestamp": 1781782747519}
{"sessionId": "264829", "runId": "initial", "hypothesisId": "H4", "location": "complaints/views.py:204", "message": "home view entry", "data": {"authenticated": false, "path": "/", "method": "GET"}, "timestamp": 1781782750843}
{"sessionId": "264829", "runId": "initial", "hypothesisId": "H4", "location": "complaints/views.py:204", "message": "home view entry", "data": {"authenticated": true, "path": "/", "method": "GET"}, "timestamp": 1781782752659}
{"sessionId": "264829", "runId": "initial", "hypothesisId": "H5", "location": "complaints/views.py:259", "message": "dashboard view entry", "data": {"user": "student", "is_staff": false, "query_params": []}, "timestamp": 1781782752668}
{"sessionId": "264829", "runId": "initial", "hypothesisId": "H5", "location": "complaints/views.py:259", "message": "dashboard view entry", "data": {"user": "other", "is_staff": false, "query_params": []}, "timestamp": 1781782765011}
{"sessionId": "264829", "runId": "initial", "hypothesisId": "H3", "location": "complaints/views.py:214", "message": "register view entry", "data": {"method": "POST", "has_next": false}, "timestamp": 1781782771561}
{"sessionId": "264829", "runId": "initial", "hypothesisId": "H3", "location": "complaints/views.py:214", "message": "register view entry", "data": {"method": "GET", "has_next": true}, "timestamp": 1781782773395}
{"sessionId": "264829", "runId": "initial", "hypothesisId": "H3", "location": "complaints/views.py:214", "message": "register view entry", "data": {"method": "POST", "has_next": true}, "timestamp": 1781782774871}
{"sessionId": "264829", "runId": "initial", "hypothesisId": "H5", "location": "complaints/views.py:259", "message": "dashboard view entry", "data": {"user": "student", "is_staff": false, "query_params": []}, "timestamp": 1781782778943}
{"sessionId": "264829", "runId": "initial", "hypothesisId": "H5", "location": "complaints/views.py:259", "message": "dashboard view entry", "data": {"user": "adminuser", "is_staff": true, "query_params": []}, "timestamp": 1781782780848}
{"sessionId": "264829", "runId": "initial", "hypothesisId": "H5", "location": "complaints/views.py:259", "message": "dashboard view entry", "data": {"user": "student", "is_staff": false, "query_params": []}, "timestamp": 1781782784587}
{"sessionId": "264829", "runId": "initial", "hypothesisId": "H1", "location": "manage.py:27", "message": "manage.main entry", "data": {"argv": ["manage.py", "runserver"], "python_executable": "C:\\Users\\ragha\\AppData\\Local\\Programs\\Python\\Python310\\python.exe", "cwd": "C:\\Users\\ragha\\Desktop\\complaint_project", "settings_module": "config.settings"}, "timestamp": 1781980637280}
{"sessionId": "264829", "runId": "initial", "hypothesisId": "H1", "location": "manage.py:38", "message": "django import succeeded", "data": {}, "timestamp": 1781980637885}
{"sessionId": "264829", "runId": "initial", "hypothesisId": "H6", "location": "config/settings.py:42", "message": "settings loaded", "data": {"debug": true, "running_dev_server": true, "python_executable": "C:\\Users\\ragha\\AppData\\Local\\Programs\\Python\\Python310\\python.exe", "cwd": "C:\\Users\\ragha\\Desktop\\complaint_project"}, "timestamp": 1781980637897}
{"sessionId": "264829", "runId": "initial", "hypothesisId": "H1", "location": "manage.py:27", "message": "manage.main entry", "data": {"argv": ["manage.py", "runserver"], "python_executable": "C:\\Users\\ragha\\AppData\\Local\\Programs\\Python\\Python310\\python.exe", "cwd": "C:\\Users\\ragha\\Desktop\\complaint_project", "settings_module": "config.settings"}, "timestamp": 1781980638928}
{"sessionId": "264829", "runId": "initial", "hypothesisId": "H1", "location": "manage.py:38", "message": "django import succeeded", "data": {}, "timestamp": 1781980639226}
{"sessionId": "264829", "runId": "initial", "hypothesisId": "H6", "location": "config/settings.py:42", "message": "settings loaded", "data": {"debug": true, "running_dev_server": true, "python_executable": "C:\\Users\\ragha\\AppData\\Local\\Programs\\Python\\Python310\\python.exe", "cwd": "C:\\Users\\ragha\\Desktop\\complaint_project"}, "timestamp": 1781980639236}
{"sessionId": "264829", "runId": "initial", "hypothesisId": "H2", "location": "config/urls.py:22", "message": "url configuration imported", "data": {"media_url": "/media/"}, "timestamp": 1781980639916}
{"sessionId": "264829", "runId": "initial", "hypothesisId": "H1", "location": "manage.py:27", "message": "manage.main entry", "data": {"argv": ["manage.py", "runserver"], "python_executable": "C:\\Users\\ragha\\Desktop\\complaint_project\\env\\Scripts\\python.exe", "cwd": "C:\\Users\\ragha\\Desktop\\complaint_project", "settings_module": "config.settings"}, "timestamp": 1781980700944}
{"sessionId": "264829", "runId": "initial", "hypothesisId": "H1", "location": "manage.py:38", "message": "django import succeeded", "data": {}, "timestamp": 1781980701397}
{"sessionId": "264829", "runId": "initial", "hypothesisId": "H6", "location": "config/settings.py:42", "message": "settings loaded", "data": {"debug": true, "running_dev_server": true, "python_executable": "C:\\Users\\ragha\\Desktop\\complaint_project\\env\\Scripts\\python.exe", "cwd": "C:\\Users\\ragha\\Desktop\\complaint_project"}, "timestamp": 1781980701402}
{"sessionId": "264829", "runId": "initial", "hypothesisId": "H1", "location": "manage.py:27", "message": "manage.main entry", "data": {"argv": ["manage.py", "runserver"], "python_executable": "C:\\Users\\ragha\\Desktop\\complaint_project\\env\\Scripts\\python.exe", "cwd": "C:\\Users\\ragha\\Desktop\\complaint_project", "settings_module": "config.settings"}, "timestamp": 1781980702186}
{"sessionId": "264829", "runId": "initial", "hypothesisId": "H1", "location": "manage.py:38", "message": "django import succeeded", "data": {}, "timestamp": 1781980702476}
{"sessionId": "264829", "runId": "initial", "hypothesisId": "H6", "location": "config/settings.py:42", "message": "settings loaded", "data": {"debug": true, "running_dev_server": true, "python_executable": "C:\\Users\\ragha\\Desktop\\complaint_project\\env\\Scripts\\python.exe", "cwd": "C:\\Users\\ragha\\Desktop\\complaint_project"}, "timestamp": 1781980702481}
{"sessionId": "264829", "runId": "initial", "hypothesisId": "H2", "location": "config/urls.py:22", "message": "url configuration imported", "data": {"media_url": "/media/"}, "timestamp": 1781980702944}
{"sessionId": "264829", "runId": "initial", "hypothesisId": "H4", "location": "complaints/views.py:204", "message": "home view entry", "data": {"authenticated": false, "path": "/", "method": "GET"}, "timestamp": 1781980709459}
{"sessionId": "264829", "runId": "initial", "hypothesisId": "H3", "location": "complaints/views.py:214", "message": "register view entry", "data": {"method": "GET", "has_next": false}, "timestamp": 1781980730207}
{"sessionId": "264829", "runId": "initial", "hypothesisId": "H3", "location": "complaints/views.py:214", "message": "register view entry", "data": {"method": "POST", "has_next": false}, "timestamp": 1781980752323}
{"sessionId": "264829", "runId": "initial", "hypothesisId": "H3", "location": "complaints/views.py:214", "message": "register view entry", "data": {"method": "POST", "has_next": false}, "timestamp": 1781980770239}
{"sessionId": "264829", "runId": "initial", "hypothesisId": "H3", "location": "complaints/views.py:214", "message": "register view entry", "data": {"method": "POST", "has_next": false}, "timestamp": 1781980786645}
{"sessionId": "264829", "runId": "initial", "hypothesisId": "H3", "location": "complaints/views.py:214", "message": "register view entry", "data": {"method": "POST", "has_next": false}, "timestamp": 1781980804012}
{"sessionId": "264829", "runId": "initial", "hypothesisId": "H3", "location": "complaints/views.py:214", "message": "register view entry", "data": {"method": "POST", "has_next": false}, "timestamp": 1781980826300}
{"sessionId": "264829", "runId": "initial", "hypothesisId": "H5", "location": "complaints/views.py:259", "message": "dashboard view entry", "data": {"user": "raghu", "is_staff": false, "query_params": []}, "timestamp": 1781980841052}
{"sessionId": "264829", "runId": "initial", "hypothesisId": "H1", "location": "manage.py:27", "message": "manage.main entry", "data": {"argv": ["manage.py", "runserver"], "python_executable": "C:\\Users\\ragha\\AppData\\Local\\Programs\\Python\\Python310\\python.exe", "cwd": "C:\\Users\\ragha\\Desktop\\complaint_project", "settings_module": "config.settings"}, "timestamp": 1781984584769}
{"sessionId": "264829", "runId": "initial", "hypothesisId": "H1", "location": "manage.py:38", "message": "django import succeeded", "data": {}, "timestamp": 1781984585017}
{"sessionId": "264829", "runId": "initial", "hypothesisId": "H6", "location": "config/settings.py:42", "message": "settings loaded", "data": {"debug": true, "running_dev_server": true, "python_executable": "C:\\Users\\ragha\\AppData\\Local\\Programs\\Python\\Python310\\python.exe", "cwd": "C:\\Users\\ragha\\Desktop\\complaint_project"}, "timestamp": 1781984585023}
{"sessionId": "264829", "runId": "initial", "hypothesisId": "H1", "location": "manage.py:27", "message": "manage.main entry", "data": {"argv": ["manage.py", "runserver"], "python_executable": "C:\\Users\\ragha\\AppData\\Local\\Programs\\Python\\Python310\\python.exe", "cwd": "C:\\Users\\ragha\\Desktop\\complaint_project", "settings_module": "config.settings"}, "timestamp": 1781984585568}
{"sessionId": "264829", "runId": "initial", "hypothesisId": "H1", "location": "manage.py:38", "message": "django import succeeded", "data": {}, "timestamp": 1781984585721}
{"sessionId": "264829", "runId": "initial", "hypothesisId": "H6", "location": "config/settings.py:42", "message": "settings loaded", "data": {"debug": true, "running_dev_server": true, "python_executable": "C:\\Users\\ragha\\AppData\\Local\\Programs\\Python\\Python310\\python.exe", "cwd": "C:\\Users\\ragha\\Desktop\\complaint_project"}, "timestamp": 1781984585726}
{"sessionId": "264829", "runId": "initial", "hypothesisId": "H2", "location": "config/urls.py:22", "message": "url configuration imported", "data": {"media_url": "/media/"}, "timestamp": 1781984586096}
{"sessionId": "264829", "runId": "initial", "hypothesisId": "H1", "location": "manage.py:27", "message": "manage.main entry", "data": {"argv": ["manage.py", "runserver"], "python_executable": "C:\\Users\\ragha\\Desktop\\complaint_project\\env\\Scripts\\python.exe", "cwd": "C:\\Users\\ragha\\Desktop\\complaint_project", "settings_module": "config.settings"}, "timestamp": 1781984596280}
{"sessionId": "264829", "runId": "initial", "hypothesisId": "H1", "location": "manage.py:38", "message": "django import succeeded", "data": {}, "timestamp": 1781984596498}
{"sessionId": "264829", "runId": "initial", "hypothesisId": "H6", "location": "config/settings.py:42", "message": "settings loaded", "data": {"debug": true, "running_dev_server": true, "python_executable": "C:\\Users\\ragha\\Desktop\\complaint_project\\env\\Scripts\\python.exe", "cwd": "C:\\Users\\ragha\\Desktop\\complaint_project"}, "timestamp": 1781984596502}
{"sessionId": "264829", "runId": "initial", "hypothesisId": "H1", "location": "manage.py:27", "message": "manage.main entry", "data": {"argv": ["manage.py", "runserver"], "python_executable": "C:\\Users\\ragha\\Desktop\\complaint_project\\env\\Scripts\\python.exe", "cwd": "C:\\Users\\ragha\\Desktop\\complaint_project", "settings_module": "config.settings"}, "timestamp": 1781984596931}
{"sessionId": "264829", "runId": "initial", "hypothesisId": "H1", "location": "manage.py:38", "message": "django import succeeded", "data": {}, "timestamp": 1781984597102}
{"sessionId": "264829", "runId": "initial", "hypothesisId": "H6", "location": "config/settings.py:42", "message": "settings loaded", "data": {"debug": true, "running_dev_server": true, "python_executable": "C:\\Users\\ragha\\Desktop\\complaint_project\\env\\Scripts\\python.exe", "cwd": "C:\\Users\\ragha\\Desktop\\complaint_project"}, "timestamp": 1781984597105}
{"sessionId": "264829", "runId": "initial", "hypothesisId": "H2", "location": "config/urls.py:22", "message": "url configuration imported", "data": {"media_url": "/media/"}, "timestamp": 1781984597379}
{"sessionId": "264829", "runId": "initial", "hypothesisId": "H4", "location": "complaints/views.py:204", "message": "home view entry", "data": {"authenticated": true, "path": "/", "method": "GET"}, "timestamp": 1781984600283}
{"sessionId": "264829", "runId": "initial", "hypothesisId": "H5", "location": "complaints/views.py:259", "message": "dashboard view entry", "data": {"user": "raghu", "is_staff": false, "query_params": []}, "timestamp": 1781984600298}
{"sessionId": "264829", "runId": "initial", "hypothesisId": "H1", "location": "manage.py:27", "message": "manage.main entry", "data": {"argv": ["manage.py", "migrate"], "python_executable": "C:\\Users\\ragha\\Documents\\complaint_system\\SmartFix_Complaint_Management_System\\env\\Scripts\\python.exe", "cwd": "C:\\Users\\ragha\\Documents\\complaint_system\\SmartFix_Complaint_Management_System", "settings_module": "config.settings"}, "timestamp": 1782021114060}
{"sessionId": "264829", "runId": "initial", "hypothesisId": "H1", "location": "manage.py:38", "message": "django import succeeded", "data": {}, "timestamp": 1782021114249}
{"sessionId": "264829", "runId": "initial", "hypothesisId": "H6", "location": "config/settings.py:42", "message": "settings loaded", "data": {"debug": false, "running_dev_server": false, "python_executable": "C:\\Users\\ragha\\Documents\\complaint_system\\SmartFix_Complaint_Management_System\\env\\Scripts\\python.exe", "cwd": "C:\\Users\\ragha\\Documents\\complaint_system\\SmartFix_Complaint_Management_System"}, "timestamp": 1782021114260}
{"sessionId": "264829", "runId": "initial", "hypothesisId": "H1", "location": "manage.py:27", "message": "manage.main entry", "data": {"argv": ["manage.py", "migrations"], "python_executable": "C:\\Users\\ragha\\Documents\\complaint_system\\SmartFix_Complaint_Management_System\\env\\Scripts\\python.exe", "cwd": "C:\\Users\\ragha\\Documents\\complaint_system\\SmartFix_Complaint_Management_System", "settings_module": "config.settings"}, "timestamp": 1782021136423}
{"sessionId": "264829", "runId": "initial", "hypothesisId": "H1", "location": "manage.py:38", "message": "django import succeeded", "data": {}, "timestamp": 1782021136618}
{"sessionId": "264829", "runId": "initial", "hypothesisId": "H6", "location": "config/settings.py:42", "message": "settings loaded", "data": {"debug": false, "running_dev_server": false, "python_executable": "C:\\Users\\ragha\\Documents\\complaint_system\\SmartFix_Complaint_Management_System\\env\\Scripts\\python.exe", "cwd": "C:\\Users\\ragha\\Documents\\complaint_system\\SmartFix_Complaint_Management_System"}, "timestamp": 1782021136625}
{"sessionId": "264829", "runId": "initial", "hypothesisId": "H1", "location": "manage.py:27", "message": "manage.main entry", "data": {"argv": ["manage.py", "makemigrations"], "python_executable": "C:\\Users\\ragha\\Documents\\complaint_system\\SmartFix_Complaint_Management_System\\env\\Scripts\\python.exe", "cwd": "C:\\Users\\ragha\\Documents\\complaint_system\\SmartFix_Complaint_Management_System", "settings_module": "config.settings"}, "timestamp": 1782021177825}
{"sessionId": "264829", "runId": "initial", "hypothesisId": "H1", "location": "manage.py:38", "message": "django import succeeded", "data": {}, "timestamp": 1782021178056}
{"sessionId": "264829", "runId": "initial", "hypothesisId": "H6", "location": "config/settings.py:42", "message": "settings loaded", "data": {"debug": false, "running_dev_server": false, "python_executable": "C:\\Users\\ragha\\Documents\\complaint_system\\SmartFix_Complaint_Management_System\\env\\Scripts\\python.exe", "cwd": "C:\\Users\\ragha\\Documents\\complaint_system\\SmartFix_Complaint_Management_System"}, "timestamp": 1782021178062}
{"sessionId": "264829", "runId": "initial", "hypothesisId": "H1", "location": "manage.py:27", "message": "manage.main entry", "data": {"argv": ["manage.py", "migrate"], "python_executable": "C:\\Users\\ragha\\Documents\\complaint_system\\SmartFix_Complaint_Management_System\\env\\Scripts\\python.exe", "cwd": "C:\\Users\\ragha\\Documents\\complaint_system\\SmartFix_Complaint_Management_System", "settings_module": "config.settings"}, "timestamp": 1782021419645}
{"sessionId": "264829", "runId": "initial", "hypothesisId": "H1", "location": "manage.py:38", "message": "django import succeeded", "data": {}, "timestamp": 1782021419832}
{"sessionId": "264829", "runId": "initial", "hypothesisId": "H6", "location": "config/settings.py:42", "message": "settings loaded", "data": {"debug": false, "running_dev_server": false, "python_executable": "C:\\Users\\ragha\\Documents\\complaint_system\\SmartFix_Complaint_Management_System\\env\\Scripts\\python.exe", "cwd": "C:\\Users\\ragha\\Documents\\complaint_system\\SmartFix_Complaint_Management_System"}, "timestamp": 1782021419839}
{"sessionId": "264829", "runId": "initial", "hypothesisId": "H1", "location": "manage.py:27", "message": "manage.main entry", "data": {"argv": ["manage.py", "migrate"], "python_executable": "C:\\Users\\ragha\\Documents\\complaint_system\\SmartFix_Complaint_Management_System\\env\\Scripts\\python.exe", "cwd": "C:\\Users\\ragha\\Documents\\complaint_system\\SmartFix_Complaint_Management_System", "settings_module": "config.settings"}, "timestamp": 1782021561699}
{"sessionId": "264829", "runId": "initial", "hypothesisId": "H1", "location": "manage.py:38", "message": "django import succeeded", "data": {}, "timestamp": 1782021561874}
{"sessionId": "264829", "runId": "initial", "hypothesisId": "H6", "location": "config/settings.py:42", "message": "settings loaded", "data": {"debug": false, "running_dev_server": false, "python_executable": "C:\\Users\\ragha\\Documents\\complaint_system\\SmartFix_Complaint_Management_System\\env\\Scripts\\python.exe", "cwd": "C:\\Users\\ragha\\Documents\\complaint_system\\SmartFix_Complaint_Management_System"}, "timestamp": 1782021561926}
{"sessionId": "264829", "runId": "initial", "hypothesisId": "H2", "location": "config/urls.py:22", "message": "url configuration imported", "data": {"media_url": "/media/"}, "timestamp": 1782021562503}
{"sessionId": "264829", "runId": "initial", "hypothesisId": "H1", "location": "manage.py:27", "message": "manage.main entry", "data": {"argv": ["manage.py", "migrate"], "python_executable": "C:\\Users\\ragha\\Documents\\complaint_system\\SmartFix_Complaint_Management_System\\env\\Scripts\\python.exe", "cwd": "C:\\Users\\ragha\\Documents\\complaint_system\\SmartFix_Complaint_Management_System", "settings_module": "config.settings"}, "timestamp": 1782021614354}
{"sessionId": "264829", "runId": "initial", "hypothesisId": "H1", "location": "manage.py:38", "message": "django import succeeded", "data": {}, "timestamp": 1782021614540}
{"sessionId": "264829", "runId": "initial", "hypothesisId": "H6", "location": "config/settings.py:42", "message": "settings loaded", "data": {"debug": false, "running_dev_server": false, "python_executable": "C:\\Users\\ragha\\Documents\\complaint_system\\SmartFix_Complaint_Management_System\\env\\Scripts\\python.exe", "cwd": "C:\\Users\\ragha\\Documents\\complaint_system\\SmartFix_Complaint_Management_System"}, "timestamp": 1782021614548}
{"sessionId": "264829", "runId": "initial", "hypothesisId": "H2", "location": "config/urls.py:22", "message": "url configuration imported", "data": {"media_url": "/media/"}, "timestamp": 1782021615024}
{"sessionId": "264829", "runId": "initial", "hypothesisId": "H1", "location": "manage.py:27", "message": "manage.main entry", "data": {"argv": ["manage.py", "runserver"], "python_executable": "C:\\Users\\ragha\\Documents\\complaint_system\\SmartFix_Complaint_Management_System\\env\\Scripts\\python.exe", "cwd": "C:\\Users\\ragha\\Documents\\complaint_system\\SmartFix_Complaint_Management_System", "settings_module": "config.settings"}, "timestamp": 1782021668502}
{"sessionId": "264829", "runId": "initial", "hypothesisId": "H1", "location": "manage.py:38", "message": "django import succeeded", "data": {}, "timestamp": 1782021668705}
{"sessionId": "264829", "runId": "initial", "hypothesisId": "H6", "location": "config/settings.py:42", "message": "settings loaded", "data": {"debug": true, "running_dev_server": true, "python_executable": "C:\\Users\\ragha\\Documents\\complaint_system\\SmartFix_Complaint_Management_System\\env\\Scripts\\python.exe", "cwd": "C:\\Users\\ragha\\Documents\\complaint_system\\SmartFix_Complaint_Management_System"}, "timestamp": 1782021668711}
{"sessionId": "264829", "runId": "initial", "hypothesisId": "H1", "location": "manage.py:27", "message": "manage.main entry", "data": {"argv": ["manage.py", "runserver"], "python_executable": "C:\\Users\\ragha\\Documents\\complaint_system\\SmartFix_Complaint_Management_System\\env\\Scripts\\python.exe", "cwd": "C:\\Users\\ragha\\Documents\\complaint_system\\SmartFix_Complaint_Management_System", "settings_module": "config.settings"}, "timestamp": 1782021669189}
{"sessionId": "264829", "runId": "initial", "hypothesisId": "H1", "location": "manage.py:38", "message": "django import succeeded", "data": {}, "timestamp": 1782021669383}
{"sessionId": "264829", "runId": "initial", "hypothesisId": "H6", "location": "config/settings.py:42", "message": "settings loaded", "data": {"debug": true, "running_dev_server": true, "python_executable": "C:\\Users\\ragha\\Documents\\complaint_system\\SmartFix_Complaint_Management_System\\env\\Scripts\\python.exe", "cwd": "C:\\Users\\ragha\\Documents\\complaint_system\\SmartFix_Complaint_Management_System"}, "timestamp": 1782021669391}
{"sessionId": "264829", "runId": "initial", "hypothesisId": "H2", "location": "config/urls.py:22", "message": "url configuration imported", "data": {"media_url": "/media/"}, "timestamp": 1782021669770}
{"sessionId": "264829", "runId": "initial", "hypothesisId": "H4", "location": "complaints/views.py:204", "message": "home view entry", "data": {"authenticated": false, "path": "/", "method": "GET"}, "timestamp": 1782021672155}
